# JRE version: Java(TM) SE Runtime Environment (7.0_80-b15) (build 1.7.0_80-b15)
# Java VM: Java HotSpot(TM) 64-Bit Server VM (24.80-b11 mixed mode linux-amd64 compressed oops)
Heap
 PSYoungGen      total 178688K, used 13808K [0x00000000eaa80000, 0x00000000f7c00000, 0x0000000100000000)
  eden space 164864K, 0% used [0x00000000eaa80000,0x00000000eaa80000,0x00000000f4b80000)
  from space 13824K, 99% used [0x00000000f6100000,0x00000000f6e7c268,0x00000000f6e80000)
  to   space 10240K, 0% used [0x00000000f7200000,0x00000000f7200000,0x00000000f7c00000)
 ParOldGen       total 48640K, used 26925K [0x00000000c0000000, 0x00000000c2f80000, 0x00000000eaa80000)
  object space 48640K, 55% used [0x00000000c0000000,0x00000000c1a4b470,0x00000000c2f80000)
 PSPermGen       total 21504K, used 7046K [0x00000000bae00000, 0x00000000bc300000, 0x00000000c0000000)
  object space 21504K, 32% used [0x00000000bae00000,0x00000000bb4e1aa8,0x00000000bc300000)
GC Heap History (10 events):
Event: 5.668 GC heap after
Heap after GC invocations=7 (full 0):
 PSYoungGen      total 70144K, used 9322K [0x00000000eaa80000, 0x00000000f3580000, 0x0000000100000000)
  eden space 60416K, 0% used [0x00000000eaa80000,0x00000000eaa80000,0x00000000ee580000)
  from space 9728K, 95% used [0x00000000ee580000,0x00000000eee9a900,0x00000000eef00000)
  to   space 10752K, 0% used [0x00000000f2b00000,0x00000000f2b00000,0x00000000f3580000)
 ParOldGen       total 39936K, used 24378K [0x00000000c0000000, 0x00000000c2700000, 0x00000000eaa80000)
  object space 39936K, 61% used [0x00000000c0000000,0x00000000c17cea10,0x00000000c2700000)
 PSPermGen       total 21504K, used 7026K [0x00000000bae00000, 0x00000000bc300000, 0x00000000c0000000)
  object space 21504K, 32% used [0x00000000bae00000,0x00000000bb4dca98,0x00000000bc300000)
}
Event: 6.015 GC heap before
{Heap before GC invocations=8 (full 0):
 PSYoungGen      total 70144K, used 69738K [0x00000000eaa80000, 0x00000000f3580000, 0x0000000100000000)
  eden space 60416K, 100% used [0x00000000eaa80000,0x00000000ee580000,0x00000000ee580000)
  from space 9728K, 95% used [0x00000000ee580000,0x00000000eee9a900,0x00000000eef00000)
  to   space 10752K, 0% used [0x00000000f2b00000,0x00000000f2b00000,0x00000000f3580000)
 ParOldGen       total 39936K, used 24378K [0x00000000c0000000, 0x00000000c2700000, 0x00000000eaa80000)
  object space 39936K, 61% used [0x00000000c0000000,0x00000000c17cea10,0x00000000c2700000)
 PSPermGen       total 21504K, used 7032K [0x00000000bae00000, 0x00000000bc300000, 0x00000000c0000000)
  object space 21504K, 32% used [0x00000000bae00000,0x00000000bb4de3e8,0x00000000bc300000)
Event: 6.067 GC heap after
Heap after GC invocations=8 (full 0):
 PSYoungGen      total 130048K, used 10696K [0x00000000eaa80000, 0x00000000f3880000, 0x0000000100000000)
  eden space 119296K, 0% used [0x00000000eaa80000,0x00000000eaa80000,0x00000000f1f00000)
  from space 10752K, 99% used [0x00000000f2b00000,0x00000000f3572308,0x00000000f3580000)
  to   space 12288K, 0% used [0x00000000f1f00000,0x00000000f1f00000,0x00000000f2b00000)
 ParOldGen       total 39936K, used 25211K [0x00000000c0000000, 0x00000000c2700000, 0x00000000eaa80000)
  object space 39936K, 63% used [0x00000000c0000000,0x00000000c189ec58,0x00000000c2700000)
 PSPermGen       total 21504K, used 7032K [0x00000000bae00000, 0x00000000bc300000, 0x00000000c0000000)
  object space 21504K, 32% used [0x00000000bae00000,0x00000000bb4de3e8,0x00000000bc300000)
}
Event: 6.457 GC heap before
{Heap before GC invocations=9 (full 0):
 PSYoungGen      total 130048K, used 129992K [0x00000000eaa80000, 0x00000000f3880000, 0x0000000100000000)
  eden space 119296K, 100% used [0x00000000eaa80000,0x00000000f1f00000,0x00000000f1f00000)
  from space 10752K, 99% used [0x00000000f2b00000,0x00000000f3572308,0x00000000f3580000)
  to   space 12288K, 0% used [0x00000000f1f00000,0x00000000f1f00000,0x00000000f2b00000)
 ParOldGen       total 39936K, used 25211K [0x00000000c0000000, 0x00000000c2700000, 0x00000000eaa80000)
  object space 39936K, 63% used [0x00000000c0000000,0x00000000c189ec58,0x00000000c2700000)
 PSPermGen       total 21504K, used 7042K [0x00000000bae00000, 0x00000000bc300000, 0x00000000c0000000)
  object space 21504K, 32% used [0x00000000bae00000,0x00000000bb4e0bd0,0x00000000bc300000)
Event: 6.478 GC heap after
Heap after GC invocations=9 (full 0):
 PSYoungGen      total 131584K, used 11070K [0x00000000eaa80000, 0x00000000f7f00000, 0x0000000100000000)
  eden space 119296K, 0% used [0x00000000eaa80000,0x00000000eaa80000,0x00000000f1f00000)
  from space 12288K, 90% used [0x00000000f1f00000,0x00000000f29cf9d0,0x00000000f2b00000)
  to   space 13312K, 0% used [0x00000000f7200000,0x00000000f7200000,0x00000000f7f00000)
 ParOldGen       total 39936K, used 32425K [0x00000000c0000000, 0x00000000c2700000, 0x00000000eaa80000)
  object space 39936K, 81% used [0x00000000c0000000,0x00000000c1faa790,0x00000000c2700000)
 PSPermGen       total 21504K, used 7042K [0x00000000bae00000, 0x00000000bc300000, 0x00000000c0000000)
  object space 21504K, 32% used [0x00000000bae00000,0x00000000bb4e0bd0,0x00000000bc300000)
}
Event: 6.503 GC heap before
{Heap before GC invocations=10 (full 1):
 PSYoungGen      total 131584K, used 11070K [0x00000000eaa80000, 0x00000000f7f00000, 0x0000000100000000)
  eden space 119296K, 0% used [0x00000000eaa80000,0x00000000eaa80000,0x00000000f1f00000)
  from space 12288K, 90% used [0x00000000f1f00000,0x00000000f29cf9d0,0x00000000f2b00000)
  to   space 13312K, 0% used [0x00000000f7200000,0x00000000f7200000,0x00000000f7f00000)
 ParOldGen       total 39936K, used 32425K [0x00000000c0000000, 0x00000000c2700000, 0x00000000eaa80000)
  object space 39936K, 81% used [0x00000000c0000000,0x00000000c1faa790,0x00000000c2700000)
 PSPermGen       total 21504K, used 7042K [0x00000000bae00000, 0x00000000bc300000, 0x00000000c0000000)
  object space 21504K, 32% used [0x00000000bae00000,0x00000000bb4e0bd0,0x00000000bc300000)
Event: 6.689 GC heap after
Heap after GC invocations=10 (full 1):
 PSYoungGen      total 131584K, used 0K [0x00000000eaa80000, 0x00000000f7f00000, 0x0000000100000000)
  eden space 119296K, 0% used [0x00000000eaa80000,0x00000000eaa80000,0x00000000f1f00000)
  from space 12288K, 0% used [0x00000000f1f00000,0x00000000f1f00000,0x00000000f2b00000)
  to   space 13312K, 0% used [0x00000000f7200000,0x00000000f7200000,0x00000000f7f00000)
 ParOldGen       total 48640K, used 19368K [0x00000000c0000000, 0x00000000c2f80000, 0x00000000eaa80000)
  object space 48640K, 39% used [0x00000000c0000000,0x00000000c12ea098,0x00000000c2f80000)
 PSPermGen       total 21504K, used 7039K [0x00000000bae00000, 0x00000000bc300000, 0x00000000c0000000)
  object space 21504K, 32% used [0x00000000bae00000,0x00000000bb4dff10,0x00000000bc300000)
}
Event: 6.942 GC heap before
{Heap before GC invocations=11 (full 1):
 PSYoungGen      total 131584K, used 117195K [0x00000000eaa80000, 0x00000000f7f00000, 0x0000000100000000)
  eden space 119296K, 98% used [0x00000000eaa80000,0x00000000f1cf2ea0,0x00000000f1f00000)
  from space 12288K, 0% used [0x00000000f1f00000,0x00000000f1f00000,0x00000000f2b00000)
  to   space 13312K, 0% used [0x00000000f7200000,0x00000000f7200000,0x00000000f7f00000)
 ParOldGen       total 48640K, used 19368K [0x00000000c0000000, 0x00000000c2f80000, 0x00000000eaa80000)
  object space 48640K, 39% used [0x00000000c0000000,0x00000000c12ea098,0x00000000c2f80000)
 PSPermGen       total 21504K, used 7043K [0x00000000bae00000, 0x00000000bc300000, 0x00000000c0000000)
  object space 21504K, 32% used [0x00000000bae00000,0x00000000bb4e0c80,0x00000000bc300000)
Event: 6.954 GC heap after
Heap after GC invocations=11 (full 1):
 PSYoungGen      total 175104K, used 10149K [0x00000000eaa80000, 0x00000000f7c00000, 0x0000000100000000)
  eden space 164864K, 0% used [0x00000000eaa80000,0x00000000eaa80000,0x00000000f4b80000)
  from space 10240K, 99% used [0x00000000f7200000,0x00000000f7be9508,0x00000000f7c00000)
  to   space 13824K, 0% used [0x00000000f6100000,0x00000000f6100000,0x00000000f6e80000)
 ParOldGen       total 48640K, used 19368K [0x00000000c0000000, 0x00000000c2f80000, 0x00000000eaa80000)
  object space 48640K, 39% used [0x00000000c0000000,0x00000000c12ea098,0x00000000c2f80000)
 PSPermGen       total 21504K, used 7043K [0x00000000bae00000, 0x00000000bc300000, 0x00000000c0000000)
  object space 21504K, 32% used [0x00000000bae00000,0x00000000bb4e0c80,0x00000000bc300000)
}
Event: 7.328 GC heap before
{Heap before GC invocations=12 (full 1):
 PSYoungGen      total 175104K, used 175013K [0x00000000eaa80000, 0x00000000f7c00000, 0x0000000100000000)
  eden space 164864K, 100% used [0x00000000eaa80000,0x00000000f4b80000,0x00000000f4b80000)
  from space 10240K, 99% used [0x00000000f7200000,0x00000000f7be9508,0x00000000f7c00000)
  to   space 13824K, 0% used [0x00000000f6100000,0x00000000f6100000,0x00000000f6e80000)
 ParOldGen       total 48640K, used 19368K [0x00000000c0000000, 0x00000000c2f80000, 0x00000000eaa80000)
  object space 48640K, 39% used [0x00000000c0000000,0x00000000c12ea098,0x00000000c2f80000)
 PSPermGen       total 21504K, used 7046K [0x00000000bae00000, 0x00000000bc300000, 0x00000000c0000000)
  object space 21504K, 32% used [0x00000000bae00000,0x00000000bb4e1aa8,0x00000000bc300000)

