# JRE version: Java(TM) SE Runtime Environment (7.0_80-b15) (build 1.7.0_80-b15)
# Java VM: Java HotSpot(TM) 64-Bit Server VM (24.80-b11 mixed mode linux-amd64 compressed oops)
Heap
 PSYoungGen      total 131072K, used 9725K [0x00000000eaa80000, 0x00000000f3480000, 0x0000000100000000)
  eden space 120832K, 0% used [0x00000000eaa80000,0x00000000eaa80000,0x00000000f2080000)
  from space 10240K, 94% used [0x00000000f2080000,0x00000000f29ff708,0x00000000f2a80000)
  to   space 10240K, 0% used [0x00000000f2a80000,0x00000000f2a80000,0x00000000f3480000)
 ParOldGen       total 39936K, used 29419K [0x00000000c0000000, 0x00000000c2700000, 0x00000000eaa80000)
  object space 39936K, 73% used [0x00000000c0000000,0x00000000c1cbade0,0x00000000c2700000)
 PSPermGen       total 21504K, used 7029K [0x00000000bae00000, 0x00000000bc300000, 0x00000000c0000000)
  object space 21504K, 32% used [0x00000000bae00000,0x00000000bb4dd560,0x00000000bc300000)
GC Heap History (10 events):
Event: 5.548 GC heap after
Heap after GC invocations=4 (full 0):
 PSYoungGen      total 33280K, used 2532K [0x00000000eaa80000, 0x00000000ecd80000, 0x0000000100000000)
  eden space 30720K, 0% used [0x00000000eaa80000,0x00000000eaa80000,0x00000000ec880000)
  from space 2560K, 98% used [0x00000000ecb00000,0x00000000ecd79178,0x00000000ecd80000)
  to   space 2560K, 0% used [0x00000000ec880000,0x00000000ec880000,0x00000000ecb00000)
 ParOldGen       total 39936K, used 14937K [0x00000000c0000000, 0x00000000c2700000, 0x00000000eaa80000)
  object space 39936K, 37% used [0x00000000c0000000,0x00000000c0e96628,0x00000000c2700000)
 PSPermGen       total 21504K, used 6021K [0x00000000bae00000, 0x00000000bc300000, 0x00000000c0000000)
  object space 21504K, 27% used [0x00000000bae00000,0x00000000bb3e1428,0x00000000bc300000)
}
Event: 6.450 GC heap before
{Heap before GC invocations=5 (full 0):
 PSYoungGen      total 33280K, used 33252K [0x00000000eaa80000, 0x00000000ecd80000, 0x0000000100000000)
  eden space 30720K, 100% used [0x00000000eaa80000,0x00000000ec880000,0x00000000ec880000)
  from space 2560K, 98% used [0x00000000ecb00000,0x00000000ecd79178,0x00000000ecd80000)
  to   space 2560K, 0% used [0x00000000ec880000,0x00000000ec880000,0x00000000ecb00000)
 ParOldGen       total 39936K, used 14937K [0x00000000c0000000, 0x00000000c2700000, 0x00000000eaa80000)
  object space 39936K, 37% used [0x00000000c0000000,0x00000000c0e96628,0x00000000c2700000)
 PSPermGen       total 21504K, used 6887K [0x00000000bae00000, 0x00000000bc300000, 0x00000000c0000000)
  object space 21504K, 32% used [0x00000000bae00000,0x00000000bb4b9c10,0x00000000bc300000)
Event: 6.460 GC heap after
Heap after GC invocations=5 (full 0):
 PSYoungGen      total 33280K, used 2534K [0x00000000eaa80000, 0x00000000ef780000, 0x0000000100000000)
  eden space 30720K, 0% used [0x00000000eaa80000,0x00000000eaa80000,0x00000000ec880000)
  from space 2560K, 99% used [0x00000000ec880000,0x00000000ecaf9a80,0x00000000ecb00000)
  to   space 8704K, 0% used [0x00000000eef00000,0x00000000eef00000,0x00000000ef780000)
 ParOldGen       total 39936K, used 17144K [0x00000000c0000000, 0x00000000c2700000, 0x00000000eaa80000)
  object space 39936K, 42% used [0x00000000c0000000,0x00000000c10be330,0x00000000c2700000)
 PSPermGen       total 21504K, used 6887K [0x00000000bae00000, 0x00000000bc300000, 0x00000000c0000000)
  object space 21504K, 32% used [0x00000000bae00000,0x00000000bb4b9c10,0x00000000bc300000)
}
Event: 6.723 GC heap before
{Heap before GC invocations=6 (full 0):
 PSYoungGen      total 33280K, used 33254K [0x00000000eaa80000, 0x00000000ef780000, 0x0000000100000000)
  eden space 30720K, 100% used [0x00000000eaa80000,0x00000000ec880000,0x00000000ec880000)
  from space 2560K, 99% used [0x00000000ec880000,0x00000000ecaf9a80,0x00000000ecb00000)
  to   space 8704K, 0% used [0x00000000eef00000,0x00000000eef00000,0x00000000ef780000)
 ParOldGen       total 39936K, used 17144K [0x00000000c0000000, 0x00000000c2700000, 0x00000000eaa80000)
  object space 39936K, 42% used [0x00000000c0000000,0x00000000c10be330,0x00000000c2700000)
 PSPermGen       total 21504K, used 6910K [0x00000000bae00000, 0x00000000bc300000, 0x00000000c0000000)
  object space 21504K, 32% used [0x00000000bae00000,0x00000000bb4bfb50,0x00000000bc300000)
Event: 6.735 GC heap after
Heap after GC invocations=6 (full 0):
 PSYoungGen      total 69120K, used 7987K [0x00000000eaa80000, 0x00000000ef980000, 0x0000000100000000)
  eden space 60416K, 0% used [0x00000000eaa80000,0x00000000eaa80000,0x00000000ee580000)
  from space 8704K, 91% used [0x00000000eef00000,0x00000000ef6ccc58,0x00000000ef780000)
  to   space 9728K, 0% used [0x00000000ee580000,0x00000000ee580000,0x00000000eef00000)
 ParOldGen       total 39936K, used 20692K [0x00000000c0000000, 0x00000000c2700000, 0x00000000eaa80000)
  object space 39936K, 51% used [0x00000000c0000000,0x00000000c1435270,0x00000000c2700000)
 PSPermGen       total 21504K, used 6910K [0x00000000bae00000, 0x00000000bc300000, 0x00000000c0000000)
  object space 21504K, 32% used [0x00000000bae00000,0x00000000bb4bfb50,0x00000000bc300000)
}
Event: 7.133 GC heap before
{Heap before GC invocations=7 (full 0):
 PSYoungGen      total 69120K, used 68403K [0x00000000eaa80000, 0x00000000ef980000, 0x0000000100000000)
  eden space 60416K, 100% used [0x00000000eaa80000,0x00000000ee580000,0x00000000ee580000)
  from space 8704K, 91% used [0x00000000eef00000,0x00000000ef6ccc58,0x00000000ef780000)
  to   space 9728K, 0% used [0x00000000ee580000,0x00000000ee580000,0x00000000eef00000)
 ParOldGen       total 39936K, used 20692K [0x00000000c0000000, 0x00000000c2700000, 0x00000000eaa80000)
  object space 39936K, 51% used [0x00000000c0000000,0x00000000c1435270,0x00000000c2700000)
 PSPermGen       total 21504K, used 7013K [0x00000000bae00000, 0x00000000bc300000, 0x00000000c0000000)
  object space 21504K, 32% used [0x00000000bae00000,0x00000000bb4d95a8,0x00000000bc300000)
Event: 7.154 GC heap after
Heap after GC invocations=7 (full 0):
 PSYoungGen      total 70144K, used 8678K [0x00000000eaa80000, 0x00000000f3480000, 0x0000000100000000)
  eden space 60416K, 0% used [0x00000000eaa80000,0x00000000eaa80000,0x00000000ee580000)
  from space 9728K, 89% used [0x00000000ee580000,0x00000000eedf9ba0,0x00000000eef00000)
  to   space 10240K, 0% used [0x00000000f2a80000,0x00000000f2a80000,0x00000000f3480000)
 ParOldGen       total 39936K, used 25422K [0x00000000c0000000, 0x00000000c2700000, 0x00000000eaa80000)
  object space 39936K, 63% used [0x00000000c0000000,0x00000000c18d38d0,0x00000000c2700000)
 PSPermGen       total 21504K, used 7013K [0x00000000bae00000, 0x00000000bc300000, 0x00000000c0000000)
  object space 21504K, 32% used [0x00000000bae00000,0x00000000bb4d95a8,0x00000000bc300000)
}
Event: 7.497 GC heap before
{Heap before GC invocations=8 (full 0):
 PSYoungGen      total 70144K, used 69094K [0x00000000eaa80000, 0x00000000f3480000, 0x0000000100000000)
  eden space 60416K, 100% used [0x00000000eaa80000,0x00000000ee580000,0x00000000ee580000)
  from space 9728K, 89% used [0x00000000ee580000,0x00000000eedf9ba0,0x00000000eef00000)
  to   space 10240K, 0% used [0x00000000f2a80000,0x00000000f2a80000,0x00000000f3480000)
 ParOldGen       total 39936K, used 25422K [0x00000000c0000000, 0x00000000c2700000, 0x00000000eaa80000)
  object space 39936K, 63% used [0x00000000c0000000,0x00000000c18d38d0,0x00000000c2700000)
 PSPermGen       total 21504K, used 7019K [0x00000000bae00000, 0x00000000bc300000, 0x00000000c0000000)
  object space 21504K, 32% used [0x00000000bae00000,0x00000000bb4daef8,0x00000000bc300000)
Event: 7.508 GC heap after
Heap after GC invocations=8 (full 0):
 PSYoungGen      total 131072K, used 7682K [0x00000000eaa80000, 0x00000000f3480000, 0x0000000100000000)
  eden space 120832K, 0% used [0x00000000eaa80000,0x00000000eaa80000,0x00000000f2080000)
  from space 10240K, 75% used [0x00000000f2a80000,0x00000000f32008f8,0x00000000f3480000)
  to   space 10240K, 0% used [0x00000000f2080000,0x00000000f2080000,0x00000000f2a80000)
 ParOldGen       total 39936K, used 25694K [0x00000000c0000000, 0x00000000c2700000, 0x00000000eaa80000)
  object space 39936K, 64% used [0x00000000c0000000,0x00000000c19178d0,0x00000000c2700000)
 PSPermGen       total 21504K, used 7019K [0x00000000bae00000, 0x00000000bc300000, 0x00000000c0000000)
  object space 21504K, 32% used [0x00000000bae00000,0x00000000bb4daef8,0x00000000bc300000)
}
Event: 7.886 GC heap before
{Heap before GC invocations=9 (full 0):
 PSYoungGen      total 131072K, used 128514K [0x00000000eaa80000, 0x00000000f3480000, 0x0000000100000000)
  eden space 120832K, 100% used [0x00000000eaa80000,0x00000000f2080000,0x00000000f2080000)
  from space 10240K, 75% used [0x00000000f2a80000,0x00000000f32008f8,0x00000000f3480000)
  to   space 10240K, 0% used [0x00000000f2080000,0x00000000f2080000,0x00000000f2a80000)
 ParOldGen       total 39936K, used 25694K [0x00000000c0000000, 0x00000000c2700000, 0x00000000eaa80000)
  object space 39936K, 64% used [0x00000000c0000000,0x00000000c19178d0,0x00000000c2700000)
 PSPermGen       total 21504K, used 7029K [0x00000000bae00000, 0x00000000bc300000, 0x00000000c0000000)
  object space 21504K, 32% used [0x00000000bae00000,0x00000000bb4dd560,0x00000000bc300000)

