# JRE version: Java(TM) SE Runtime Environment (7.0_80-b15) (build 1.7.0_80-b15)
# Java VM: Java HotSpot(TM) 64-Bit Server VM (24.80-b11 mixed mode linux-amd64 compressed oops)
Heap
 PSYoungGen      total 180224K, used 0K [0x00000000eaa80000, 0x00000000f7e80000, 0x0000000100000000)
  eden space 175104K, 0% used [0x00000000eaa80000,0x00000000eaa80000,0x00000000f5580000)
  from space 5120K, 0% used [0x00000000f6c80000,0x00000000f6c80000,0x00000000f7180000)
  to   space 20992K, 0% used [0x00000000f5580000,0x00000000f5580000,0x00000000f6a00000)
 ParOldGen       total 57856K, used 33256K [0x00000000c0000000, 0x00000000c3880000, 0x00000000eaa80000)
  object space 57856K, 57% used [0x00000000c0000000,0x00000000c207a180,0x00000000c3880000)
 PSPermGen       total 21504K, used 7031K [0x00000000bae00000, 0x00000000bc300000, 0x00000000c0000000)
  object space 21504K, 32% used [0x00000000bae00000,0x00000000bb4ddca0,0x00000000bc300000)
GC Heap History (10 events):
Event: 6.757 GC heap after
Heap after GC invocations=9 (full 0):
 PSYoungGen      total 130560K, used 11260K [0x00000000eaa80000, 0x00000000f7d00000, 0x0000000100000000)
  eden space 119296K, 0% used [0x00000000eaa80000,0x00000000eaa80000,0x00000000f1f00000)
  from space 11264K, 99% used [0x00000000f1f00000,0x00000000f29ff220,0x00000000f2a00000)
  to   space 12288K, 0% used [0x00000000f7100000,0x00000000f7100000,0x00000000f7d00000)
 ParOldGen       total 39936K, used 37029K [0x00000000c0000000, 0x00000000c2700000, 0x00000000eaa80000)
  object space 39936K, 92% used [0x00000000c0000000,0x00000000c2429668,0x00000000c2700000)
 PSPermGen       total 21504K, used 7025K [0x00000000bae00000, 0x00000000bc300000, 0x00000000c0000000)
  object space 21504K, 32% used [0x00000000bae00000,0x00000000bb4dc718,0x00000000bc300000)
}
Event: 6.757 GC heap before
{Heap before GC invocations=10 (full 1):
 PSYoungGen      total 130560K, used 11260K [0x00000000eaa80000, 0x00000000f7d00000, 0x0000000100000000)
  eden space 119296K, 0% used [0x00000000eaa80000,0x00000000eaa80000,0x00000000f1f00000)
  from space 11264K, 99% used [0x00000000f1f00000,0x00000000f29ff220,0x00000000f2a00000)
  to   space 12288K, 0% used [0x00000000f7100000,0x00000000f7100000,0x00000000f7d00000)
 ParOldGen       total 39936K, used 37029K [0x00000000c0000000, 0x00000000c2700000, 0x00000000eaa80000)
  object space 39936K, 92% used [0x00000000c0000000,0x00000000c2429668,0x00000000c2700000)
 PSPermGen       total 21504K, used 7025K [0x00000000bae00000, 0x00000000bc300000, 0x00000000c0000000)
  object space 21504K, 32% used [0x00000000bae00000,0x00000000bb4dc718,0x00000000bc300000)
Event: 7.941 GC heap after
Heap after GC invocations=10 (full 1):
 PSYoungGen      total 130560K, used 0K [0x00000000eaa80000, 0x00000000f7d00000, 0x0000000100000000)
  eden space 119296K, 0% used [0x00000000eaa80000,0x00000000eaa80000,0x00000000f1f00000)
  from space 11264K, 0% used [0x00000000f1f00000,0x00000000f1f00000,0x00000000f2a00000)
  to   space 12288K, 0% used [0x00000000f7100000,0x00000000f7100000,0x00000000f7d00000)
 ParOldGen       total 57856K, used 19166K [0x00000000c0000000, 0x00000000c3880000, 0x00000000eaa80000)
  object space 57856K, 33% used [0x00000000c0000000,0x00000000c12b79e0,0x00000000c3880000)
 PSPermGen       total 21504K, used 7022K [0x00000000bae00000, 0x00000000bc300000, 0x00000000c0000000)
  object space 21504K, 32% used [0x00000000bae00000,0x00000000bb4dba98,0x00000000bc300000)
}
Event: 8.196 GC heap before
{Heap before GC invocations=11 (full 1):
 PSYoungGen      total 130560K, used 117557K [0x00000000eaa80000, 0x00000000f7d00000, 0x0000000100000000)
  eden space 119296K, 98% used [0x00000000eaa80000,0x00000000f1d4d6c8,0x00000000f1f00000)
  from space 11264K, 0% used [0x00000000f1f00000,0x00000000f1f00000,0x00000000f2a00000)
  to   space 12288K, 0% used [0x00000000f7100000,0x00000000f7100000,0x00000000f7d00000)
 ParOldGen       total 57856K, used 19166K [0x00000000c0000000, 0x00000000c3880000, 0x00000000eaa80000)
  object space 57856K, 33% used [0x00000000c0000000,0x00000000c12b79e0,0x00000000c3880000)
 PSPermGen       total 21504K, used 7026K [0x00000000bae00000, 0x00000000bc300000, 0x00000000c0000000)
  object space 21504K, 32% used [0x00000000bae00000,0x00000000bb4dca18,0x00000000bc300000)
Event: 8.204 GC heap after
Heap after GC invocations=11 (full 1):
 PSYoungGen      total 140288K, used 7836K [0x00000000eaa80000, 0x00000000f7900000, 0x0000000100000000)
  eden space 132096K, 0% used [0x00000000eaa80000,0x00000000eaa80000,0x00000000f2b80000)
  from space 8192K, 95% used [0x00000000f7100000,0x00000000f78a72a0,0x00000000f7900000)
  to   space 12288K, 0% used [0x00000000f6100000,0x00000000f6100000,0x00000000f6d00000)
 ParOldGen       total 57856K, used 19166K [0x00000000c0000000, 0x00000000c3880000, 0x00000000eaa80000)
  object space 57856K, 33% used [0x00000000c0000000,0x00000000c12b79e0,0x00000000c3880000)
 PSPermGen       total 21504K, used 7026K [0x00000000bae00000, 0x00000000bc300000, 0x00000000c0000000)
  object space 21504K, 32% used [0x00000000bae00000,0x00000000bb4dca18,0x00000000bc300000)
}
Event: 8.471 GC heap before
{Heap before GC invocations=12 (full 1):
 PSYoungGen      total 140288K, used 139932K [0x00000000eaa80000, 0x00000000f7900000, 0x0000000100000000)
  eden space 132096K, 100% used [0x00000000eaa80000,0x00000000f2b80000,0x00000000f2b80000)
  from space 8192K, 95% used [0x00000000f7100000,0x00000000f78a72a0,0x00000000f7900000)
  to   space 12288K, 0% used [0x00000000f6100000,0x00000000f6100000,0x00000000f6d00000)
 ParOldGen       total 57856K, used 19166K [0x00000000c0000000, 0x00000000c3880000, 0x00000000eaa80000)
  object space 57856K, 33% used [0x00000000c0000000,0x00000000c12b79e0,0x00000000c3880000)
 PSPermGen       total 21504K, used 7030K [0x00000000bae00000, 0x00000000bc300000, 0x00000000c0000000)
  object space 21504K, 32% used [0x00000000bae00000,0x00000000bb4dd900,0x00000000bc300000)
Event: 8.499 GC heap after
Heap after GC invocations=12 (full 1):
 PSYoungGen      total 163328K, used 11278K [0x00000000eaa80000, 0x00000000f7180000, 0x0000000100000000)
  eden space 151552K, 0% used [0x00000000eaa80000,0x00000000eaa80000,0x00000000f3e80000)
  from space 11776K, 95% used [0x00000000f6100000,0x00000000f6c039a0,0x00000000f6c80000)
  to   space 5120K, 0% used [0x00000000f6c80000,0x00000000f6c80000,0x00000000f7180000)
 ParOldGen       total 57856K, used 27336K [0x00000000c0000000, 0x00000000c3880000, 0x00000000eaa80000)
  object space 57856K, 47% used [0x00000000c0000000,0x00000000c1ab2240,0x00000000c3880000)
 PSPermGen       total 21504K, used 7030K [0x00000000bae00000, 0x00000000bc300000, 0x00000000c0000000)
  object space 21504K, 32% used [0x00000000bae00000,0x00000000bb4dd900,0x00000000bc300000)
}
Event: 8.816 GC heap before
{Heap before GC invocations=13 (full 1):
 PSYoungGen      total 163328K, used 162830K [0x00000000eaa80000, 0x00000000f7180000, 0x0000000100000000)
  eden space 151552K, 100% used [0x00000000eaa80000,0x00000000f3e80000,0x00000000f3e80000)
  from space 11776K, 95% used [0x00000000f6100000,0x00000000f6c039a0,0x00000000f6c80000)
  to   space 5120K, 0% used [0x00000000f6c80000,0x00000000f6c80000,0x00000000f7180000)
 ParOldGen       total 57856K, used 27336K [0x00000000c0000000, 0x00000000c3880000, 0x00000000eaa80000)
  object space 57856K, 47% used [0x00000000c0000000,0x00000000c1ab2240,0x00000000c3880000)
 PSPermGen       total 21504K, used 7031K [0x00000000bae00000, 0x00000000bc300000, 0x00000000c0000000)
  object space 21504K, 32% used [0x00000000bae00000,0x00000000bb4ddca0,0x00000000bc300000)
Event: 8.839 GC heap after
Heap after GC invocations=13 (full 1):
 PSYoungGen      total 180224K, used 5095K [0x00000000eaa80000, 0x00000000f7e80000, 0x0000000100000000)
  eden space 175104K, 0% used [0x00000000eaa80000,0x00000000eaa80000,0x00000000f5580000)
  from space 5120K, 99% used [0x00000000f6c80000,0x00000000f7179e68,0x00000000f7180000)
  to   space 20992K, 0% used [0x00000000f5580000,0x00000000f5580000,0x00000000f6a00000)
 ParOldGen       total 57856K, used 52880K [0x00000000c0000000, 0x00000000c3880000, 0x00000000eaa80000)
  object space 57856K, 91% used [0x00000000c0000000,0x00000000c33a4150,0x00000000c3880000)
 PSPermGen       total 21504K, used 7031K [0x00000000bae00000, 0x00000000bc300000, 0x00000000c0000000)
  object space 21504K, 32% used [0x00000000bae00000,0x00000000bb4ddca0,0x00000000bc300000)
}
Event: 8.839 GC heap before
{Heap before GC invocations=14 (full 2):
 PSYoungGen      total 180224K, used 5095K [0x00000000eaa80000, 0x00000000f7e80000, 0x0000000100000000)
  eden space 175104K, 0% used [0x00000000eaa80000,0x00000000eaa80000,0x00000000f5580000)
  from space 5120K, 99% used [0x00000000f6c80000,0x00000000f7179e68,0x00000000f7180000)
  to   space 20992K, 0% used [0x00000000f5580000,0x00000000f5580000,0x00000000f6a00000)
 ParOldGen       total 57856K, used 52880K [0x00000000c0000000, 0x00000000c3880000, 0x00000000eaa80000)
  object space 57856K, 91% used [0x00000000c0000000,0x00000000c33a4150,0x00000000c3880000)
 PSPermGen       total 21504K, used 7031K [0x00000000bae00000, 0x00000000bc300000, 0x00000000c0000000)
  object space 21504K, 32% used [0x00000000bae00000,0x00000000bb4ddca0,0x00000000bc300000)

