# JRE version: Java(TM) SE Runtime Environment (7.0_80-b15) (build 1.7.0_80-b15)
# Java VM: Java HotSpot(TM) 64-Bit Server VM (24.80-b11 mixed mode linux-amd64 compressed oops)
Heap
 PSYoungGen      total 256512K, used 12782K [0x00000000eaa80000, 0x00000000fb380000, 0x0000000100000000)
  eden space 243712K, 0% used [0x00000000eaa80000,0x00000000eaa80000,0x00000000f9880000)
  from space 12800K, 99% used [0x00000000f9880000,0x00000000fa4fb850,0x00000000fa500000)
  to   space 10752K, 0% used [0x00000000fa500000,0x00000000fa500000,0x00000000faf80000)
 ParOldGen       total 45056K, used 43655K [0x00000000c0000000, 0x00000000c2c00000, 0x00000000eaa80000)
  object space 45056K, 96% used [0x00000000c0000000,0x00000000c2aa1c30,0x00000000c2c00000)
 PSPermGen       total 21504K, used 7056K [0x00000000bae00000, 0x00000000bc300000, 0x00000000c0000000)
  object space 21504K, 32% used [0x00000000bae00000,0x00000000bb4e4298,0x00000000bc300000)
GC Heap History (10 events):
Event: 5.046 GC heap after
Heap after GC invocations=4 (full 0):
 PSYoungGen      total 64000K, used 2552K [0x00000000eaa80000, 0x00000000eeb80000, 0x0000000100000000)
  eden space 61440K, 0% used [0x00000000eaa80000,0x00000000eaa80000,0x00000000ee680000)
  from space 2560K, 99% used [0x00000000ee900000,0x00000000eeb7e118,0x00000000eeb80000)
  to   space 2560K, 0% used [0x00000000ee680000,0x00000000ee680000,0x00000000ee900000)
 ParOldGen       total 39936K, used 15487K [0x00000000c0000000, 0x00000000c2700000, 0x00000000eaa80000)
  object space 39936K, 38% used [0x00000000c0000000,0x00000000c0f1fea0,0x00000000c2700000)
 PSPermGen       total 21504K, used 6891K [0x00000000bae00000, 0x00000000bc300000, 0x00000000c0000000)
  object space 21504K, 32% used [0x00000000bae00000,0x00000000bb4baf08,0x00000000bc300000)
}
Event: 5.552 GC heap before
{Heap before GC invocations=5 (full 0):
 PSYoungGen      total 64000K, used 63360K [0x00000000eaa80000, 0x00000000eeb80000, 0x0000000100000000)
  eden space 61440K, 98% used [0x00000000eaa80000,0x00000000ee5e1fa0,0x00000000ee680000)
  from space 2560K, 99% used [0x00000000ee900000,0x00000000eeb7e118,0x00000000eeb80000)
  to   space 2560K, 0% used [0x00000000ee680000,0x00000000ee680000,0x00000000ee900000)
 ParOldGen       total 39936K, used 15487K [0x00000000c0000000, 0x00000000c2700000, 0x00000000eaa80000)
  object space 39936K, 38% used [0x00000000c0000000,0x00000000c0f1fea0,0x00000000c2700000)
 PSPermGen       total 21504K, used 7024K [0x00000000bae00000, 0x00000000bc300000, 0x00000000c0000000)
  object space 21504K, 32% used [0x00000000bae00000,0x00000000bb4dc1c8,0x00000000bc300000)
Event: 5.565 GC heap after
Heap after GC invocations=5 (full 0):
 PSYoungGen      total 64000K, used 2532K [0x00000000eaa80000, 0x00000000f3680000, 0x0000000100000000)
  eden space 61440K, 0% used [0x00000000eaa80000,0x00000000eaa80000,0x00000000ee680000)
  from space 2560K, 98% used [0x00000000ee680000,0x00000000ee8f9168,0x00000000ee900000)
  to   space 10240K, 0% used [0x00000000f2c80000,0x00000000f2c80000,0x00000000f3680000)
 ParOldGen       total 39936K, used 18977K [0x00000000c0000000, 0x00000000c2700000, 0x00000000eaa80000)
  object space 39936K, 47% used [0x00000000c0000000,0x00000000c1288518,0x00000000c2700000)
 PSPermGen       total 21504K, used 7024K [0x00000000bae00000, 0x00000000bc300000, 0x00000000c0000000)
  object space 21504K, 32% used [0x00000000bae00000,0x00000000bb4dc1c8,0x00000000bc300000)
}
Event: 5.865 GC heap before
{Heap before GC invocations=6 (full 0):
 PSYoungGen      total 64000K, used 63563K [0x00000000eaa80000, 0x00000000f3680000, 0x0000000100000000)
  eden space 61440K, 99% used [0x00000000eaa80000,0x00000000ee619d80,0x00000000ee680000)
  from space 2560K, 98% used [0x00000000ee680000,0x00000000ee8f9168,0x00000000ee900000)
  to   space 10240K, 0% used [0x00000000f2c80000,0x00000000f2c80000,0x00000000f3680000)
 ParOldGen       total 39936K, used 18977K [0x00000000c0000000, 0x00000000c2700000, 0x00000000eaa80000)
  object space 39936K, 47% used [0x00000000c0000000,0x00000000c1288518,0x00000000c2700000)
 PSPermGen       total 21504K, used 7038K [0x00000000bae00000, 0x00000000bc300000, 0x00000000c0000000)
  object space 21504K, 32% used [0x00000000bae00000,0x00000000bb4dfb30,0x00000000bc300000)
Event: 5.880 GC heap after
Heap after GC invocations=6 (full 0):
 PSYoungGen      total 132096K, used 5101K [0x00000000eaa80000, 0x00000000f3580000, 0x0000000100000000)
  eden space 122880K, 0% used [0x00000000eaa80000,0x00000000eaa80000,0x00000000f2280000)
  from space 9216K, 55% used [0x00000000f2c80000,0x00000000f317b400,0x00000000f3580000)
  to   space 9728K, 0% used [0x00000000f2280000,0x00000000f2280000,0x00000000f2c00000)
 ParOldGen       total 39936K, used 18977K [0x00000000c0000000, 0x00000000c2700000, 0x00000000eaa80000)
  object space 39936K, 47% used [0x00000000c0000000,0x00000000c1288518,0x00000000c2700000)
 PSPermGen       total 21504K, used 7038K [0x00000000bae00000, 0x00000000bc300000, 0x00000000c0000000)
  object space 21504K, 32% used [0x00000000bae00000,0x00000000bb4dfb30,0x00000000bc300000)
}
Event: 6.317 GC heap before
{Heap before GC invocations=7 (full 0):
 PSYoungGen      total 132096K, used 127981K [0x00000000eaa80000, 0x00000000f3580000, 0x0000000100000000)
  eden space 122880K, 100% used [0x00000000eaa80000,0x00000000f2280000,0x00000000f2280000)
  from space 9216K, 55% used [0x00000000f2c80000,0x00000000f317b400,0x00000000f3580000)
  to   space 9728K, 0% used [0x00000000f2280000,0x00000000f2280000,0x00000000f2c00000)
 ParOldGen       total 39936K, used 18977K [0x00000000c0000000, 0x00000000c2700000, 0x00000000eaa80000)
  object space 39936K, 47% used [0x00000000c0000000,0x00000000c1288518,0x00000000c2700000)
 PSPermGen       total 21504K, used 7048K [0x00000000bae00000, 0x00000000bc300000, 0x00000000c0000000)
  object space 21504K, 32% used [0x00000000bae00000,0x00000000bb4e2258,0x00000000bc300000)
Event: 6.342 GC heap after
Heap after GC invocations=7 (full 0):
 PSYoungGen      total 132608K, used 9018K [0x00000000eaa80000, 0x00000000faf80000, 0x0000000100000000)
  eden space 122880K, 0% used [0x00000000eaa80000,0x00000000eaa80000,0x00000000f2280000)
  from space 9728K, 92% used [0x00000000f2280000,0x00000000f2b4e860,0x00000000f2c00000)
  to   space 10752K, 0% used [0x00000000fa500000,0x00000000fa500000,0x00000000faf80000)
 ParOldGen       total 39936K, used 23024K [0x00000000c0000000, 0x00000000c2700000, 0x00000000eaa80000)
  object space 39936K, 57% used [0x00000000c0000000,0x00000000c167c0a0,0x00000000c2700000)
 PSPermGen       total 21504K, used 7048K [0x00000000bae00000, 0x00000000bc300000, 0x00000000c0000000)
  object space 21504K, 32% used [0x00000000bae00000,0x00000000bb4e2258,0x00000000bc300000)
}
Event: 6.600 GC heap before
{Heap before GC invocations=8 (full 0):
 PSYoungGen      total 132608K, used 131898K [0x00000000eaa80000, 0x00000000faf80000, 0x0000000100000000)
  eden space 122880K, 100% used [0x00000000eaa80000,0x00000000f2280000,0x00000000f2280000)
  from space 9728K, 92% used [0x00000000f2280000,0x00000000f2b4e860,0x00000000f2c00000)
  to   space 10752K, 0% used [0x00000000fa500000,0x00000000fa500000,0x00000000faf80000)
 ParOldGen       total 39936K, used 23024K [0x00000000c0000000, 0x00000000c2700000, 0x00000000eaa80000)
  object space 39936K, 57% used [0x00000000c0000000,0x00000000c167c0a0,0x00000000c2700000)
 PSPermGen       total 21504K, used 7052K [0x00000000bae00000, 0x00000000bc300000, 0x00000000c0000000)
  object space 21504K, 32% used [0x00000000bae00000,0x00000000bb4e33c8,0x00000000bc300000)
Event: 6.633 GC heap after
Heap after GC invocations=8 (full 0):
 PSYoungGen      total 254464K, used 10722K [0x00000000eaa80000, 0x00000000fb380000, 0x0000000100000000)
  eden space 243712K, 0% used [0x00000000eaa80000,0x00000000eaa80000,0x00000000f9880000)
  from space 10752K, 99% used [0x00000000fa500000,0x00000000faf78888,0x00000000faf80000)
  to   space 12800K, 0% used [0x00000000f9880000,0x00000000f9880000,0x00000000fa500000)
 ParOldGen       total 39936K, used 24115K [0x00000000c0000000, 0x00000000c2700000, 0x00000000eaa80000)
  object space 39936K, 60% used [0x00000000c0000000,0x00000000c178cec8,0x00000000c2700000)
 PSPermGen       total 21504K, used 7052K [0x00000000bae00000, 0x00000000bc300000, 0x00000000c0000000)
  object space 21504K, 32% used [0x00000000bae00000,0x00000000bb4e33c8,0x00000000bc300000)
}
Event: 7.455 GC heap before
{Heap before GC invocations=9 (full 0):
 PSYoungGen      total 254464K, used 254434K [0x00000000eaa80000, 0x00000000fb380000, 0x0000000100000000)
  eden space 243712K, 100% used [0x00000000eaa80000,0x00000000f9880000,0x00000000f9880000)
  from space 10752K, 99% used [0x00000000fa500000,0x00000000faf78888,0x00000000faf80000)
  to   space 12800K, 0% used [0x00000000f9880000,0x00000000f9880000,0x00000000fa500000)
 ParOldGen       total 39936K, used 24115K [0x00000000c0000000, 0x00000000c2700000, 0x00000000eaa80000)
  object space 39936K, 60% used [0x00000000c0000000,0x00000000c178cec8,0x00000000c2700000)
 PSPermGen       total 21504K, used 7056K [0x00000000bae00000, 0x00000000bc300000, 0x00000000c0000000)
  object space 21504K, 32% used [0x00000000bae00000,0x00000000bb4e4298,0x00000000bc300000)

