# JRE version: Java(TM) SE Runtime Environment (7.0_80-b15) (build 1.7.0_80-b15)
# Java VM: Java HotSpot(TM) 64-Bit Server VM (24.80-b11 mixed mode linux-amd64 compressed oops)
Heap
 PSYoungGen      total 202752K, used 9842K [0x00000000eaa80000, 0x00000000f7e80000, 0x0000000100000000)
  eden space 189440K, 0% used [0x00000000eaa80000,0x00000000eaa80000,0x00000000f6380000)
  from space 13312K, 73% used [0x00000000f6380000,0x00000000f6d1cb50,0x00000000f7080000)
  to   space 12288K, 0% used [0x00000000f7080000,0x00000000f7080000,0x00000000f7c80000)
 ParOldGen       total 39936K, used 21593K [0x00000000c0000000, 0x00000000c2700000, 0x00000000eaa80000)
  object space 39936K, 54% used [0x00000000c0000000,0x00000000c1516690,0x00000000c2700000)
 PSPermGen       total 21504K, used 7057K [0x00000000bae00000, 0x00000000bc300000, 0x00000000c0000000)
  object space 21504K, 32% used [0x00000000bae00000,0x00000000bb4e4570,0x00000000bc300000)
GC Heap History (10 events):
Event: 4.784 GC heap after
Heap after GC invocations=6 (full 0):
 PSYoungGen      total 68608K, used 8675K [0x00000000eaa80000, 0x00000000efa80000, 0x0000000100000000)
  eden space 59904K, 0% used [0x00000000eaa80000,0x00000000eaa80000,0x00000000ee500000)
  from space 8704K, 99% used [0x00000000eef00000,0x00000000ef778e58,0x00000000ef780000)
  to   space 10240K, 0% used [0x00000000ee500000,0x00000000ee500000,0x00000000eef00000)
 ParOldGen       total 39936K, used 16617K [0x00000000c0000000, 0x00000000c2700000, 0x00000000eaa80000)
  object space 39936K, 41% used [0x00000000c0000000,0x00000000c103a768,0x00000000c2700000)
 PSPermGen       total 21504K, used 6931K [0x00000000bae00000, 0x00000000bc300000, 0x00000000c0000000)
  object space 21504K, 32% used [0x00000000bae00000,0x00000000bb4c4d00,0x00000000bc300000)
}
Event: 5.155 GC heap before
{Heap before GC invocations=7 (full 0):
 PSYoungGen      total 68608K, used 68579K [0x00000000eaa80000, 0x00000000efa80000, 0x0000000100000000)
  eden space 59904K, 100% used [0x00000000eaa80000,0x00000000ee500000,0x00000000ee500000)
  from space 8704K, 99% used [0x00000000eef00000,0x00000000ef778e58,0x00000000ef780000)
  to   space 10240K, 0% used [0x00000000ee500000,0x00000000ee500000,0x00000000eef00000)
 ParOldGen       total 39936K, used 16617K [0x00000000c0000000, 0x00000000c2700000, 0x00000000eaa80000)
  object space 39936K, 41% used [0x00000000c0000000,0x00000000c103a768,0x00000000c2700000)
 PSPermGen       total 21504K, used 7033K [0x00000000bae00000, 0x00000000bc300000, 0x00000000c0000000)
  object space 21504K, 32% used [0x00000000bae00000,0x00000000bb4de7f8,0x00000000bc300000)
Event: 5.174 GC heap after
Heap after GC invocations=7 (full 0):
 PSYoungGen      total 70144K, used 9980K [0x00000000eaa80000, 0x00000000f3580000, 0x0000000100000000)
  eden space 59904K, 0% used [0x00000000eaa80000,0x00000000eaa80000,0x00000000ee500000)
  from space 10240K, 97% used [0x00000000ee500000,0x00000000eeebf010,0x00000000eef00000)
  to   space 11264K, 0% used [0x00000000f2a80000,0x00000000f2a80000,0x00000000f3580000)
 ParOldGen       total 39936K, used 19664K [0x00000000c0000000, 0x00000000c2700000, 0x00000000eaa80000)
  object space 39936K, 49% used [0x00000000c0000000,0x00000000c13341e0,0x00000000c2700000)
 PSPermGen       total 21504K, used 7033K [0x00000000bae00000, 0x00000000bc300000, 0x00000000c0000000)
  object space 21504K, 32% used [0x00000000bae00000,0x00000000bb4de7f8,0x00000000bc300000)
}
Event: 5.516 GC heap before
{Heap before GC invocations=8 (full 0):
 PSYoungGen      total 70144K, used 69884K [0x00000000eaa80000, 0x00000000f3580000, 0x0000000100000000)
  eden space 59904K, 100% used [0x00000000eaa80000,0x00000000ee500000,0x00000000ee500000)
  from space 10240K, 97% used [0x00000000ee500000,0x00000000eeebf010,0x00000000eef00000)
  to   space 11264K, 0% used [0x00000000f2a80000,0x00000000f2a80000,0x00000000f3580000)
 ParOldGen       total 39936K, used 19664K [0x00000000c0000000, 0x00000000c2700000, 0x00000000eaa80000)
  object space 39936K, 49% used [0x00000000c0000000,0x00000000c13341e0,0x00000000c2700000)
 PSPermGen       total 21504K, used 7040K [0x00000000bae00000, 0x00000000bc300000, 0x00000000c0000000)
  object space 21504K, 32% used [0x00000000bae00000,0x00000000bb4e0148,0x00000000bc300000)
Event: 5.536 GC heap after
Heap after GC invocations=8 (full 0):
 PSYoungGen      total 130048K, used 10042K [0x00000000eaa80000, 0x00000000f3780000, 0x0000000100000000)
  eden space 118784K, 0% used [0x00000000eaa80000,0x00000000eaa80000,0x00000000f1e80000)
  from space 11264K, 89% used [0x00000000f2a80000,0x00000000f344eba8,0x00000000f3580000)
  to   space 12288K, 0% used [0x00000000f1e80000,0x00000000f1e80000,0x00000000f2a80000)
 ParOldGen       total 39936K, used 20572K [0x00000000c0000000, 0x00000000c2700000, 0x00000000eaa80000)
  object space 39936K, 51% used [0x00000000c0000000,0x00000000c1417040,0x00000000c2700000)
 PSPermGen       total 21504K, used 7040K [0x00000000bae00000, 0x00000000bc300000, 0x00000000c0000000)
  object space 21504K, 32% used [0x00000000bae00000,0x00000000bb4e0148,0x00000000bc300000)
}
Event: 5.931 GC heap before
{Heap before GC invocations=9 (full 0):
 PSYoungGen      total 130048K, used 125942K [0x00000000eaa80000, 0x00000000f3780000, 0x0000000100000000)
  eden space 118784K, 97% used [0x00000000eaa80000,0x00000000f1baed00,0x00000000f1e80000)
  from space 11264K, 89% used [0x00000000f2a80000,0x00000000f344eba8,0x00000000f3580000)
  to   space 12288K, 0% used [0x00000000f1e80000,0x00000000f1e80000,0x00000000f2a80000)
 ParOldGen       total 39936K, used 20572K [0x00000000c0000000, 0x00000000c2700000, 0x00000000eaa80000)
  object space 39936K, 51% used [0x00000000c0000000,0x00000000c1417040,0x00000000c2700000)
 PSPermGen       total 21504K, used 7050K [0x00000000bae00000, 0x00000000bc300000, 0x00000000c0000000)
  object space 21504K, 32% used [0x00000000bae00000,0x00000000bb4e2930,0x00000000bc300000)
Event: 5.937 GC heap after
Heap after GC invocations=9 (full 0):
 PSYoungGen      total 131072K, used 5055K [0x00000000eaa80000, 0x00000000f7c80000, 0x0000000100000000)
  eden space 118784K, 0% used [0x00000000eaa80000,0x00000000eaa80000,0x00000000f1e80000)
  from space 12288K, 41% used [0x00000000f1e80000,0x00000000f236fdf0,0x00000000f2a80000)
  to   space 12288K, 0% used [0x00000000f7080000,0x00000000f7080000,0x00000000f7c80000)
 ParOldGen       total 39936K, used 21577K [0x00000000c0000000, 0x00000000c2700000, 0x00000000eaa80000)
  object space 39936K, 54% used [0x00000000c0000000,0x00000000c1512690,0x00000000c2700000)
 PSPermGen       total 21504K, used 7050K [0x00000000bae00000, 0x00000000bc300000, 0x00000000c0000000)
  object space 21504K, 32% used [0x00000000bae00000,0x00000000bb4e2930,0x00000000bc300000)
}
Event: 6.166 GC heap before
{Heap before GC invocations=10 (full 0):
 PSYoungGen      total 131072K, used 123839K [0x00000000eaa80000, 0x00000000f7c80000, 0x0000000100000000)
  eden space 118784K, 100% used [0x00000000eaa80000,0x00000000f1e80000,0x00000000f1e80000)
  from space 12288K, 41% used [0x00000000f1e80000,0x00000000f236fdf0,0x00000000f2a80000)
  to   space 12288K, 0% used [0x00000000f7080000,0x00000000f7080000,0x00000000f7c80000)
 ParOldGen       total 39936K, used 21577K [0x00000000c0000000, 0x00000000c2700000, 0x00000000eaa80000)
  object space 39936K, 54% used [0x00000000c0000000,0x00000000c1512690,0x00000000c2700000)
 PSPermGen       total 21504K, used 7053K [0x00000000bae00000, 0x00000000bc300000, 0x00000000c0000000)
  object space 21504K, 32% used [0x00000000bae00000,0x00000000bb4e36a0,0x00000000bc300000)
Event: 6.176 GC heap after
Heap after GC invocations=10 (full 0):
 PSYoungGen      total 201728K, used 10817K [0x00000000eaa80000, 0x00000000f7e80000, 0x0000000100000000)
  eden space 189440K, 0% used [0x00000000eaa80000,0x00000000eaa80000,0x00000000f6380000)
  from space 12288K, 88% used [0x00000000f7080000,0x00000000f7b107c8,0x00000000f7c80000)
  to   space 13312K, 0% used [0x00000000f6380000,0x00000000f6380000,0x00000000f7080000)
 ParOldGen       total 39936K, used 21593K [0x00000000c0000000, 0x00000000c2700000, 0x00000000eaa80000)
  object space 39936K, 54% used [0x00000000c0000000,0x00000000c1516690,0x00000000c2700000)
 PSPermGen       total 21504K, used 7053K [0x00000000bae00000, 0x00000000bc300000, 0x00000000c0000000)
  object space 21504K, 32% used [0x00000000bae00000,0x00000000bb4e36a0,0x00000000bc300000)
}
Event: 6.620 GC heap before
{Heap before GC invocations=11 (full 0):
 PSYoungGen      total 201728K, used 199195K [0x00000000eaa80000, 0x00000000f7e80000, 0x0000000100000000)
  eden space 189440K, 99% used [0x00000000eaa80000,0x00000000f62765d0,0x00000000f6380000)
  from space 12288K, 88% used [0x00000000f7080000,0x00000000f7b107c8,0x00000000f7c80000)
  to   space 13312K, 0% used [0x00000000f6380000,0x00000000f6380000,0x00000000f7080000)
 ParOldGen       total 39936K, used 21593K [0x00000000c0000000, 0x00000000c2700000, 0x00000000eaa80000)
  object space 39936K, 54% used [0x00000000c0000000,0x00000000c1516690,0x00000000c2700000)
 PSPermGen       total 21504K, used 7057K [0x00000000bae00000, 0x00000000bc300000, 0x00000000c0000000)
  object space 21504K, 32% used [0x00000000bae00000,0x00000000bb4e4570,0x00000000bc300000)

