# JRE version: Java(TM) SE Runtime Environment (7.0_80-b15) (build 1.7.0_80-b15)
# Java VM: Java HotSpot(TM) 64-Bit Server VM (24.80-b11 mixed mode linux-amd64 compressed oops)
Heap
 PSYoungGen      total 256000K, used 15434K [0x00000000eaa80000, 0x00000000fce00000, 0x0000000100000000)
  eden space 238592K, 0% used [0x00000000eaa80000,0x00000000eaa80000,0x00000000f9380000)
  from space 17408K, 88% used [0x00000000f9380000,0x00000000fa292808,0x00000000fa480000)
  to   space 17920K, 0% used [0x00000000fa480000,0x00000000fa480000,0x00000000fb600000)
 ParOldGen       total 52736K, used 43159K [0x00000000c0000000, 0x00000000c3380000, 0x00000000eaa80000)
  object space 52736K, 81% used [0x00000000c0000000,0x00000000c2a25f28,0x00000000c3380000)
 PSPermGen       total 21504K, used 7057K [0x00000000bae00000, 0x00000000bc300000, 0x00000000c0000000)
  object space 21504K, 32% used [0x00000000bae00000,0x00000000bb4e4778,0x00000000bc300000)
GC Heap History (10 events):
Event: 6.444 GC heap after
Heap after GC invocations=9 (full 0):
 PSYoungGen      total 134656K, used 13409K [0x00000000eaa80000, 0x00000000f8500000, 0x0000000100000000)
  eden space 119296K, 0% used [0x00000000eaa80000,0x00000000eaa80000,0x00000000f1f00000)
  from space 15360K, 87% used [0x00000000f1f00000,0x00000000f2c187d0,0x00000000f2e00000)
  to   space 16384K, 0% used [0x00000000f7500000,0x00000000f7500000,0x00000000f8500000)
 ParOldGen       total 43520K, used 43386K [0x00000000c0000000, 0x00000000c2a80000, 0x00000000eaa80000)
  object space 43520K, 99% used [0x00000000c0000000,0x00000000c2a5eb78,0x00000000c2a80000)
 PSPermGen       total 21504K, used 7048K [0x00000000bae00000, 0x00000000bc300000, 0x00000000c0000000)
  object space 21504K, 32% used [0x00000000bae00000,0x00000000bb4e21f0,0x00000000bc300000)
}
Event: 6.444 GC heap before
{Heap before GC invocations=10 (full 1):
 PSYoungGen      total 134656K, used 13409K [0x00000000eaa80000, 0x00000000f8500000, 0x0000000100000000)
  eden space 119296K, 0% used [0x00000000eaa80000,0x00000000eaa80000,0x00000000f1f00000)
  from space 15360K, 87% used [0x00000000f1f00000,0x00000000f2c187d0,0x00000000f2e00000)
  to   space 16384K, 0% used [0x00000000f7500000,0x00000000f7500000,0x00000000f8500000)
 ParOldGen       total 43520K, used 43386K [0x00000000c0000000, 0x00000000c2a80000, 0x00000000eaa80000)
  object space 43520K, 99% used [0x00000000c0000000,0x00000000c2a5eb78,0x00000000c2a80000)
 PSPermGen       total 21504K, used 7048K [0x00000000bae00000, 0x00000000bc300000, 0x00000000c0000000)
  object space 21504K, 32% used [0x00000000bae00000,0x00000000bb4e21f0,0x00000000bc300000)
Event: 6.574 GC heap after
Heap after GC invocations=10 (full 1):
 PSYoungGen      total 134656K, used 0K [0x00000000eaa80000, 0x00000000f8500000, 0x0000000100000000)
  eden space 119296K, 0% used [0x00000000eaa80000,0x00000000eaa80000,0x00000000f1f00000)
  from space 15360K, 0% used [0x00000000f1f00000,0x00000000f1f00000,0x00000000f2e00000)
  to   space 16384K, 0% used [0x00000000f7500000,0x00000000f7500000,0x00000000f8500000)
 ParOldGen       total 52736K, used 19176K [0x00000000c0000000, 0x00000000c3380000, 0x00000000eaa80000)
  object space 52736K, 36% used [0x00000000c0000000,0x00000000c12ba1f8,0x00000000c3380000)
 PSPermGen       total 21504K, used 7045K [0x00000000bae00000, 0x00000000bc300000, 0x00000000c0000000)
  object space 21504K, 32% used [0x00000000bae00000,0x00000000bb4e15b0,0x00000000bc300000)
}
Event: 6.824 GC heap before
{Heap before GC invocations=11 (full 1):
 PSYoungGen      total 134656K, used 117190K [0x00000000eaa80000, 0x00000000f8500000, 0x0000000100000000)
  eden space 119296K, 98% used [0x00000000eaa80000,0x00000000f1cf1a78,0x00000000f1f00000)
  from space 15360K, 0% used [0x00000000f1f00000,0x00000000f1f00000,0x00000000f2e00000)
  to   space 16384K, 0% used [0x00000000f7500000,0x00000000f7500000,0x00000000f8500000)
 ParOldGen       total 52736K, used 19176K [0x00000000c0000000, 0x00000000c3380000, 0x00000000eaa80000)
  object space 52736K, 36% used [0x00000000c0000000,0x00000000c12ba1f8,0x00000000c3380000)
 PSPermGen       total 21504K, used 7048K [0x00000000bae00000, 0x00000000bc300000, 0x00000000c0000000)
  object space 21504K, 32% used [0x00000000bae00000,0x00000000bb4e23e0,0x00000000bc300000)
Event: 6.885 GC heap after
Heap after GC invocations=11 (full 1):
 PSYoungGen      total 175104K, used 10133K [0x00000000eaa80000, 0x00000000f7f00000, 0x0000000100000000)
  eden space 164864K, 0% used [0x00000000eaa80000,0x00000000eaa80000,0x00000000f4b80000)
  from space 10240K, 98% used [0x00000000f7500000,0x00000000f7ee55b0,0x00000000f7f00000)
  to   space 16384K, 0% used [0x00000000f5f00000,0x00000000f5f00000,0x00000000f6f00000)
 ParOldGen       total 52736K, used 19176K [0x00000000c0000000, 0x00000000c3380000, 0x00000000eaa80000)
  object space 52736K, 36% used [0x00000000c0000000,0x00000000c12ba1f8,0x00000000c3380000)
 PSPermGen       total 21504K, used 7048K [0x00000000bae00000, 0x00000000bc300000, 0x00000000c0000000)
  object space 21504K, 32% used [0x00000000bae00000,0x00000000bb4e23e0,0x00000000bc300000)
}
Event: 7.236 GC heap before
{Heap before GC invocations=12 (full 1):
 PSYoungGen      total 175104K, used 174997K [0x00000000eaa80000, 0x00000000f7f00000, 0x0000000100000000)
  eden space 164864K, 100% used [0x00000000eaa80000,0x00000000f4b80000,0x00000000f4b80000)
  from space 10240K, 98% used [0x00000000f7500000,0x00000000f7ee55b0,0x00000000f7f00000)
  to   space 16384K, 0% used [0x00000000f5f00000,0x00000000f5f00000,0x00000000f6f00000)
 ParOldGen       total 52736K, used 19176K [0x00000000c0000000, 0x00000000c3380000, 0x00000000eaa80000)
  object space 52736K, 36% used [0x00000000c0000000,0x00000000c12ba1f8,0x00000000c3380000)
 PSPermGen       total 21504K, used 7052K [0x00000000bae00000, 0x00000000bc300000, 0x00000000c0000000)
  object space 21504K, 32% used [0x00000000bae00000,0x00000000bb4e32c8,0x00000000bc300000)
Event: 7.290 GC heap after
Heap after GC invocations=12 (full 1):
 PSYoungGen      total 201216K, used 15222K [0x00000000eaa80000, 0x00000000fb600000, 0x0000000100000000)
  eden space 184832K, 0% used [0x00000000eaa80000,0x00000000eaa80000,0x00000000f5f00000)
  from space 16384K, 92% used [0x00000000f5f00000,0x00000000f6ddd9c0,0x00000000f6f00000)
  to   space 17920K, 0% used [0x00000000fa480000,0x00000000fa480000,0x00000000fb600000)
 ParOldGen       total 52736K, used 23468K [0x00000000c0000000, 0x00000000c3380000, 0x00000000eaa80000)
  object space 52736K, 44% used [0x00000000c0000000,0x00000000c16eb2a0,0x00000000c3380000)
 PSPermGen       total 21504K, used 7052K [0x00000000bae00000, 0x00000000bc300000, 0x00000000c0000000)
  object space 21504K, 32% used [0x00000000bae00000,0x00000000bb4e32c8,0x00000000bc300000)
}
Event: 7.714 GC heap before
{Heap before GC invocations=13 (full 1):
 PSYoungGen      total 201216K, used 196689K [0x00000000eaa80000, 0x00000000fb600000, 0x0000000100000000)
  eden space 184832K, 98% used [0x00000000eaa80000,0x00000000f5bb6cd8,0x00000000f5f00000)
  from space 16384K, 92% used [0x00000000f5f00000,0x00000000f6ddd9c0,0x00000000f6f00000)
  to   space 17920K, 0% used [0x00000000fa480000,0x00000000fa480000,0x00000000fb600000)
 ParOldGen       total 52736K, used 23468K [0x00000000c0000000, 0x00000000c3380000, 0x00000000eaa80000)
  object space 52736K, 44% used [0x00000000c0000000,0x00000000c16eb2a0,0x00000000c3380000)
 PSPermGen       total 21504K, used 7055K [0x00000000bae00000, 0x00000000bc300000, 0x00000000c0000000)
  object space 21504K, 32% used [0x00000000bae00000,0x00000000bb4e3c10,0x00000000bc300000)
Event: 7.728 GC heap after
Heap after GC invocations=13 (full 1):
 PSYoungGen      total 256512K, used 9327K [0x00000000eaa80000, 0x00000000fce00000, 0x0000000100000000)
  eden space 238592K, 0% used [0x00000000eaa80000,0x00000000eaa80000,0x00000000f9380000)
  from space 17920K, 52% used [0x00000000fa480000,0x00000000fad9beb0,0x00000000fb600000)
  to   space 17408K, 0% used [0x00000000f9380000,0x00000000f9380000,0x00000000fa480000)
 ParOldGen       total 52736K, used 23476K [0x00000000c0000000, 0x00000000c3380000, 0x00000000eaa80000)
  object space 52736K, 44% used [0x00000000c0000000,0x00000000c16ed2a0,0x00000000c3380000)
 PSPermGen       total 21504K, used 7055K [0x00000000bae00000, 0x00000000bc300000, 0x00000000c0000000)
  object space 21504K, 32% used [0x00000000bae00000,0x00000000bb4e3c10,0x00000000bc300000)
}
Event: 8.314 GC heap before
{Heap before GC invocations=14 (full 1):
 PSYoungGen      total 256512K, used 247919K [0x00000000eaa80000, 0x00000000fce00000, 0x0000000100000000)
  eden space 238592K, 100% used [0x00000000eaa80000,0x00000000f9380000,0x00000000f9380000)
  from space 17920K, 52% used [0x00000000fa480000,0x00000000fad9beb0,0x00000000fb600000)
  to   space 17408K, 0% used [0x00000000f9380000,0x00000000f9380000,0x00000000fa480000)
 ParOldGen       total 52736K, used 23476K [0x00000000c0000000, 0x00000000c3380000, 0x00000000eaa80000)
  object space 52736K, 44% used [0x00000000c0000000,0x00000000c16ed2a0,0x00000000c3380000)
 PSPermGen       total 21504K, used 7057K [0x00000000bae00000, 0x00000000bc300000, 0x00000000c0000000)
  object space 21504K, 32% used [0x00000000bae00000,0x00000000bb4e4778,0x00000000bc300000)

